<?xml version="1.0" encoding="UTF-8"?>
<testsuite name="rspec" tests="49" failures="1" errors="0" time="1.062621" timestamp="2015-07-04T17:44:37+02:00">
  <!-- Randomized with seed 7467 -->
  <properties/>
  <testcase classname="spec.requests.api_v1_spec" name="API GET /api/v1/counters/:id increments counter" file="./spec/requests/api_v1_spec.rb" time="0.108023">
    <failure message="undefined local variable or method `warden' for #&lt;Grape::Endpoint:0x007fd5488a2f30&gt;" type="NameError">
      <![CDATA[undefined local variable or method `warden' for #<Grape::Endpoint:0x007fd5488a2f30>
./app/api/v1/counters.rb:38:in `current_user'
./app/api/v1/counters.rb:34:in `authenticate!'
./app/api/v1/counters.rb:25:in `block (3 levels) in <class:Counters>'
/Users/dunyakirkali/.rvm/gems/ruby-2.1.2/gems/grape-0.12.0/lib/grape/endpoint.rb:47:in `call'
/Users/dunyakirkali/.rvm/gems/ruby-2.1.2/gems/grape-0.12.0/lib/grape/endpoint.rb:47:in `block in generate_api_method'
/Users/dunyakirkali/.rvm/gems/ruby-2.1.2/gems/grape-0.12.0/lib/grape/endpoint.rb:247:in `call'
/Users/dunyakirkali/.rvm/gems/ruby-2.1.2/gems/grape-0.12.0/lib/grape/endpoint.rb:247:in `run'
/Users/dunyakirkali/.rvm/gems/ruby-2.1.2/gems/grape-0.12.0/lib/grape/endpoint.rb:195:in `block in call!'
/Users/dunyakirkali/.rvm/gems/ruby-2.1.2/gems/grape-0.12.0/lib/grape/middleware/base.rb:24:in `call'
/Users/dunyakirkali/.rvm/gems/ruby-2.1.2/gems/grape-0.12.0/lib/grape/middleware/base.rb:24:in `call!'
/Users/dunyakirkali/.rvm/gems/ruby-2.1.2/gems/grape-0.12.0/lib/grape/middleware/base.rb:18:in `call'
/Users/dunyakirkali/.rvm/gems/ruby-2.1.2/gems/grape-0.12.0/lib/grape/middleware/base.rb:24:in `call!'
/Users/dunyakirkali/.rvm/gems/ruby-2.1.2/gems/grape-0.12.0/lib/grape/middleware/base.rb:18:in `call'
/Users/dunyakirkali/.rvm/gems/ruby-2.1.2/gems/grape-0.12.0/lib/grape/middleware/error.rb:27:in `block in call!'
/Users/dunyakirkali/.rvm/gems/ruby-2.1.2/gems/grape-0.12.0/lib/grape/middleware/error.rb:26:in `catch'
/Users/dunyakirkali/.rvm/gems/ruby-2.1.2/gems/grape-0.12.0/lib/grape/middleware/error.rb:26:in `call!'
/Users/dunyakirkali/.rvm/gems/ruby-2.1.2/gems/grape-0.12.0/lib/grape/middleware/base.rb:18:in `call'
/Users/dunyakirkali/.rvm/gems/ruby-2.1.2/gems/rack-1.6.4/lib/rack/head.rb:13:in `call'
/Users/dunyakirkali/.rvm/gems/ruby-2.1.2/gems/rack-1.6.4/lib/rack/builder.rb:153:in `call'
/Users/dunyakirkali/.rvm/gems/ruby-2.1.2/gems/grape-0.12.0/lib/grape/endpoint.rb:196:in `call!'
/Users/dunyakirkali/.rvm/gems/ruby-2.1.2/gems/grape-0.12.0/lib/grape/endpoint.rb:184:in `call'
/Users/dunyakirkali/.rvm/gems/ruby-2.1.2/gems/rack-mount-0.8.3/lib/rack/mount/route_set.rb:152:in `block in call'
/Users/dunyakirkali/.rvm/gems/ruby-2.1.2/gems/rack-mount-0.8.3/lib/rack/mount/code_generation.rb:96:in `block in recognize'
/Users/dunyakirkali/.rvm/gems/ruby-2.1.2/gems/rack-mount-0.8.3/lib/rack/mount/code_generation.rb:68:in `optimized_each'
/Users/dunyakirkali/.rvm/gems/ruby-2.1.2/gems/rack-mount-0.8.3/lib/rack/mount/code_generation.rb:95:in `recognize'
/Users/dunyakirkali/.rvm/gems/ruby-2.1.2/gems/rack-mount-0.8.3/lib/rack/mount/route_set.rb:141:in `call'
/Users/dunyakirkali/.rvm/gems/ruby-2.1.2/gems/grape-0.12.0/lib/grape/api.rb:98:in `call'
/Users/dunyakirkali/.rvm/gems/ruby-2.1.2/gems/grape-0.12.0/lib/grape/api.rb:33:in `call!'
/Users/dunyakirkali/.rvm/gems/ruby-2.1.2/gems/grape-0.12.0/lib/grape/api.rb:29:in `call'
/Users/dunyakirkali/.rvm/gems/ruby-2.1.2/gems/actionpack-4.2.2/lib/action_dispatch/routing/mapper.rb:51:in `serve'
/Users/dunyakirkali/.rvm/gems/ruby-2.1.2/gems/actionpack-4.2.2/lib/action_dispatch/journey/router.rb:43:in `block in serve'
/Users/dunyakirkali/.rvm/gems/ruby-2.1.2/gems/actionpack-4.2.2/lib/action_dispatch/journey/router.rb:30:in `each'
/Users/dunyakirkali/.rvm/gems/ruby-2.1.2/gems/actionpack-4.2.2/lib/action_dispatch/journey/router.rb:30:in `serve'
/Users/dunyakirkali/.rvm/gems/ruby-2.1.2/gems/actionpack-4.2.2/lib/action_dispatch/routing/route_set.rb:819:in `call'
/Users/dunyakirkali/.rvm/gems/ruby-2.1.2/gems/omniauth-1.2.2/lib/omniauth/strategy.rb:186:in `call!'
/Users/dunyakirkali/.rvm/gems/ruby-2.1.2/gems/omniauth-1.2.2/lib/omniauth/strategy.rb:164:in `call'
/Users/dunyakirkali/.rvm/gems/ruby-2.1.2/gems/warden-1.2.3/lib/warden/manager.rb:35:in `block in call'
/Users/dunyakirkali/.rvm/gems/ruby-2.1.2/gems/warden-1.2.3/lib/warden/manager.rb:34:in `catch'
/Users/dunyakirkali/.rvm/gems/ruby-2.1.2/gems/warden-1.2.3/lib/warden/manager.rb:34:in `call'
/Users/dunyakirkali/.rvm/gems/ruby-2.1.2/gems/rack-1.6.4/lib/rack/etag.rb:24:in `call'
/Users/dunyakirkali/.rvm/gems/ruby-2.1.2/gems/rack-1.6.4/lib/rack/conditionalget.rb:25:in `call'
/Users/dunyakirkali/.rvm/gems/ruby-2.1.2/gems/rack-1.6.4/lib/rack/head.rb:13:in `call'
/Users/dunyakirkali/.rvm/gems/ruby-2.1.2/gems/actionpack-4.2.2/lib/action_dispatch/middleware/params_parser.rb:27:in `call'
/Users/dunyakirkali/.rvm/gems/ruby-2.1.2/gems/actionpack-4.2.2/lib/action_dispatch/middleware/flash.rb:260:in `call'
/Users/dunyakirkali/.rvm/gems/ruby-2.1.2/gems/rack-1.6.4/lib/rack/session/abstract/id.rb:225:in `context'
/Users/dunyakirkali/.rvm/gems/ruby-2.1.2/gems/rack-1.6.4/lib/rack/session/abstract/id.rb:220:in `call'
/Users/dunyakirkali/.rvm/gems/ruby-2.1.2/gems/actionpack-4.2.2/lib/action_dispatch/middleware/cookies.rb:560:in `call'
/Users/dunyakirkali/.rvm/gems/ruby-2.1.2/gems/activerecord-4.2.2/lib/active_record/query_cache.rb:36:in `call'
/Users/dunyakirkali/.rvm/gems/ruby-2.1.2/gems/activerecord-4.2.2/lib/active_record/connection_adapters/abstract/connection_pool.rb:649:in `call'
/Users/dunyakirkali/.rvm/gems/ruby-2.1.2/gems/actionpack-4.2.2/lib/action_dispatch/middleware/callbacks.rb:29:in `block in call'
/Users/dunyakirkali/.rvm/gems/ruby-2.1.2/gems/activesupport-4.2.2/lib/active_support/callbacks.rb:88:in `call'
/Users/dunyakirkali/.rvm/gems/ruby-2.1.2/gems/activesupport-4.2.2/lib/active_support/callbacks.rb:88:in `_run_callbacks'
/Users/dunyakirkali/.rvm/gems/ruby-2.1.2/gems/activesupport-4.2.2/lib/active_support/callbacks.rb:776:in `_run_call_callbacks'
/Users/dunyakirkali/.rvm/gems/ruby-2.1.2/gems/activesupport-4.2.2/lib/active_support/callbacks.rb:81:in `run_callbacks'
/Users/dunyakirkali/.rvm/gems/ruby-2.1.2/gems/actionpack-4.2.2/lib/action_dispatch/middleware/callbacks.rb:27:in `call'
/Users/dunyakirkali/.rvm/gems/ruby-2.1.2/gems/actionpack-4.2.2/lib/action_dispatch/middleware/remote_ip.rb:78:in `call'
/Users/dunyakirkali/.rvm/gems/ruby-2.1.2/gems/actionpack-4.2.2/lib/action_dispatch/middleware/debug_exceptions.rb:17:in `call'
/Users/dunyakirkali/.rvm/gems/ruby-2.1.2/gems/web-console-2.1.3/lib/web_console/middleware.rb:37:in `call'
/Users/dunyakirkali/.rvm/gems/ruby-2.1.2/gems/actionpack-4.2.2/lib/action_dispatch/middleware/show_exceptions.rb:30:in `call'
/Users/dunyakirkali/.rvm/gems/ruby-2.1.2/gems/railties-4.2.2/lib/rails/rack/logger.rb:38:in `call_app'
/Users/dunyakirkali/.rvm/gems/ruby-2.1.2/gems/railties-4.2.2/lib/rails/rack/logger.rb:20:in `block in call'
/Users/dunyakirkali/.rvm/gems/ruby-2.1.2/gems/activesupport-4.2.2/lib/active_support/tagged_logging.rb:68:in `block in tagged'
/Users/dunyakirkali/.rvm/gems/ruby-2.1.2/gems/activesupport-4.2.2/lib/active_support/tagged_logging.rb:26:in `tagged'
/Users/dunyakirkali/.rvm/gems/ruby-2.1.2/gems/activesupport-4.2.2/lib/active_support/tagged_logging.rb:68:in `tagged'
/Users/dunyakirkali/.rvm/gems/ruby-2.1.2/gems/railties-4.2.2/lib/rails/rack/logger.rb:20:in `call'
/Users/dunyakirkali/.rvm/gems/ruby-2.1.2/gems/actionpack-4.2.2/lib/action_dispatch/middleware/request_id.rb:21:in `call'
/Users/dunyakirkali/.rvm/gems/ruby-2.1.2/gems/rack-1.6.4/lib/rack/methodoverride.rb:22:in `call'
/Users/dunyakirkali/.rvm/gems/ruby-2.1.2/gems/rack-1.6.4/lib/rack/runtime.rb:18:in `call'
/Users/dunyakirkali/.rvm/gems/ruby-2.1.2/gems/activesupport-4.2.2/lib/active_support/cache/strategy/local_cache_middleware.rb:28:in `call'
/Users/dunyakirkali/.rvm/gems/ruby-2.1.2/gems/rack-1.6.4/lib/rack/lock.rb:17:in `call'
/Users/dunyakirkali/.rvm/gems/ruby-2.1.2/gems/actionpack-4.2.2/lib/action_dispatch/middleware/static.rb:113:in `call'
/Users/dunyakirkali/.rvm/gems/ruby-2.1.2/gems/rack-1.6.4/lib/rack/sendfile.rb:113:in `call'
/Users/dunyakirkali/.rvm/gems/ruby-2.1.2/gems/railties-4.2.2/lib/rails/engine.rb:518:in `call'
/Users/dunyakirkali/.rvm/gems/ruby-2.1.2/gems/railties-4.2.2/lib/rails/application.rb:164:in `call'
/Users/dunyakirkali/.rvm/gems/ruby-2.1.2/gems/rack-test-0.6.3/lib/rack/mock_session.rb:30:in `request'
/Users/dunyakirkali/.rvm/gems/ruby-2.1.2/gems/rack-test-0.6.3/lib/rack/test.rb:244:in `process_request'
/Users/dunyakirkali/.rvm/gems/ruby-2.1.2/gems/rack-test-0.6.3/lib/rack/test.rb:124:in `request'
/Users/dunyakirkali/.rvm/gems/ruby-2.1.2/gems/actionpack-4.2.2/lib/action_dispatch/testing/integration.rb:297:in `process'
/Users/dunyakirkali/.rvm/gems/ruby-2.1.2/gems/actionpack-4.2.2/lib/action_dispatch/testing/integration.rb:32:in `get'
/Users/dunyakirkali/.rvm/gems/ruby-2.1.2/gems/actionpack-4.2.2/lib/action_dispatch/testing/integration.rb:344:in `block (2 levels) in <module:Runner>'
./spec/requests/api_v1_spec.rb:7:in `block (3 levels) in <top (required)>']]>
    </failure>
  </testcase>
  <testcase classname="spec.requests.api_v1_spec" name="API GET /api/v1/users/:user_id/counters lists user's counter" file="./spec/requests/api_v1_spec.rb" time="0.000013">
    <skipped/>
  </testcase>
  <testcase classname="spec.support.factories_spec" name="Factory Girl palette factory is valid" file="./spec/support/factories_spec.rb" time="0.001412"/>
  <testcase classname="spec.support.factories_spec" name="Factory Girl counter factory is valid" file="./spec/support/factories_spec.rb" time="0.003759"/>
  <testcase classname="spec.support.factories_spec" name="Factory Girl counter factory with trait a_month_older is valid" file="./spec/support/factories_spec.rb" time="0.005922"/>
  <testcase classname="spec.support.factories_spec" name="Factory Girl counter factory with trait with_user is valid" file="./spec/support/factories_spec.rb" time="0.047121"/>
  <testcase classname="spec.support.factories_spec" name="Factory Girl user factory is valid" file="./spec/support/factories_spec.rb" time="0.003964"/>
  <testcase classname="spec.support.factories_spec" name="Factory Girl user factory with trait with_counter_a_month_old is valid" file="./spec/support/factories_spec.rb" time="0.010146"/>
  <testcase classname="spec.support.factories_spec" name="Factory Girl user factory with trait with_counters is valid" file="./spec/support/factories_spec.rb" time="0.010788"/>
  <testcase classname="spec.models.user_spec" name="User should have many counters dependent =&gt; destroy" file="./spec/models/user_spec.rb" time="0.001713"/>
  <testcase classname="spec.models.user_spec" name="User #build_counter" file="./spec/models/user_spec.rb" time="0.015105"/>
  <testcase classname="spec.models.user_spec" name="User.find_for_google_oauth2 should return user if exists" file="./spec/models/user_spec.rb" time="0.019649"/>
  <testcase classname="spec.models.user_spec" name="User.find_for_google_oauth2 should create a new user if does not exist" file="./spec/models/user_spec.rb" time="0.000008">
    <skipped/>
  </testcase>
  <testcase classname="spec.support.factories_spec" name="Factory Girl user factory is valid" file="./spec/support/factories_spec.rb" time="0.004683"/>
  <testcase classname="spec.support.factories_spec" name="Factory Girl user factory with trait with_counter_a_month_old is valid" file="./spec/support/factories_spec.rb" time="0.010628"/>
  <testcase classname="spec.support.factories_spec" name="Factory Girl user factory with trait with_counters is valid" file="./spec/support/factories_spec.rb" time="0.011621"/>
  <testcase classname="spec.support.factories_spec" name="Factory Girl palette factory is valid" file="./spec/support/factories_spec.rb" time="0.001900"/>
  <testcase classname="spec.support.factories_spec" name="Factory Girl counter factory is valid" file="./spec/support/factories_spec.rb" time="0.004407"/>
  <testcase classname="spec.support.factories_spec" name="Factory Girl counter factory with trait with_user is valid" file="./spec/support/factories_spec.rb" time="0.013598"/>
  <testcase classname="spec.support.factories_spec" name="Factory Girl counter factory with trait a_month_older is valid" file="./spec/support/factories_spec.rb" time="0.004735"/>
  <testcase classname="spec.lib.tasks.counter_rake_spec" name="counter:colorize changes counter palettes" file="./spec/lib/tasks/counter_rake_spec.rb" time="0.185086"/>
  <testcase classname="spec.lib.tasks.counter_rake_spec" name="counter:colorize prerequisites should include &quot;environment&quot;" file="./spec/lib/tasks/counter_rake_spec.rb" time="0.163570"/>
  <testcase classname="spec.models.palette_spec" name="Palette should have many counters" file="./spec/models/palette_spec.rb" time="0.002274"/>
  <testcase classname="spec.policies.counter_policy_spec" name="CounterPolicy update? grants access if user is current_user" file="./spec/policies/counter_policy_spec.rb" time="0.017046"/>
  <testcase classname="spec.policies.counter_policy_spec" name="CounterPolicy update? does not grants access if user is not current_user" file="./spec/policies/counter_policy_spec.rb" time="0.026125"/>
  <testcase classname="spec.policies.counter_policy_spec" name="CounterPolicy index? does not grants access if no current_user" file="./spec/policies/counter_policy_spec.rb" time="0.001274"/>
  <testcase classname="spec.policies.counter_policy_spec" name="CounterPolicy index? grants access if  current_user" file="./spec/policies/counter_policy_spec.rb" time="0.009478"/>
  <testcase classname="spec.policies.counter_policy_spec" name="CounterPolicy new? does not grants access if user is not current_user" file="./spec/policies/counter_policy_spec.rb" time="0.021727"/>
  <testcase classname="spec.policies.counter_policy_spec" name="CounterPolicy new? grants access if user is current_user" file="./spec/policies/counter_policy_spec.rb" time="0.016865"/>
  <testcase classname="spec.policies.counter_policy_spec" name="CounterPolicy update? does not grants access if user is not current_user" file="./spec/policies/counter_policy_spec.rb" time="0.022744"/>
  <testcase classname="spec.policies.counter_policy_spec" name="CounterPolicy update? grants access if user is current_user" file="./spec/policies/counter_policy_spec.rb" time="0.014930"/>
  <testcase classname="spec.policies.counter_policy_spec" name="CounterPolicy show? grants access if user is current_user" file="./spec/policies/counter_policy_spec.rb" time="0.015769"/>
  <testcase classname="spec.policies.counter_policy_spec" name="CounterPolicy show? does not grants access if user is not current_user" file="./spec/policies/counter_policy_spec.rb" time="0.027528"/>
  <testcase classname="spec.policies.counter_policy_spec" name="CounterPolicy destroy? does not grants access if user is not current_user" file="./spec/policies/counter_policy_spec.rb" time="0.022873"/>
  <testcase classname="spec.policies.counter_policy_spec" name="CounterPolicy destroy? grants access if user is current_user" file="./spec/policies/counter_policy_spec.rb" time="0.017890"/>
  <testcase classname="spec.policies.counter_policy_spec" name="CounterPolicy edit? grants access if user is current_user" file="./spec/policies/counter_policy_spec.rb" time="0.016709"/>
  <testcase classname="spec.policies.counter_policy_spec" name="CounterPolicy edit? does not grants access if user is not current_user" file="./spec/policies/counter_policy_spec.rb" time="0.022816"/>
  <testcase classname="spec.policies.counter_policy_spec" name="CounterPolicy create? does not grants access if user is not current_user" file="./spec/policies/counter_policy_spec.rb" time="0.023628"/>
  <testcase classname="spec.policies.counter_policy_spec" name="CounterPolicy create? grants access if user is current_user" file="./spec/policies/counter_policy_spec.rb" time="0.016336"/>
  <testcase classname="spec.models.counter_spec" name="Counter should require palette to be set" file="./spec/models/counter_spec.rb" time="0.004478"/>
  <testcase classname="spec.models.counter_spec" name="Counter should belong to user" file="./spec/models/counter_spec.rb" time="0.001449"/>
  <testcase classname="spec.models.counter_spec" name="Counter should require name to be set" file="./spec/models/counter_spec.rb" time="0.004030"/>
  <testcase classname="spec.models.counter_spec" name="Counter should belong to palette" file="./spec/models/counter_spec.rb" time="0.001235"/>
  <testcase classname="spec.models.counter_spec" name="Counter# increment" file="./spec/models/counter_spec.rb" time="0.006731"/>
  <testcase classname="spec.models.counter_spec" name="Counter# set_creation_date" file="./spec/models/counter_spec.rb" time="0.007220"/>
  <testcase classname="spec.models.counter_spec" name="Counter# editable_attributes" file="./spec/models/counter_spec.rb" time="0.006360"/>
  <testcase classname="spec.models.counter_spec" name="Counter# increment_url" file="./spec/models/counter_spec.rb" time="0.016675"/>
  <testcase classname="spec.models.counter_spec" name="Counter# clean_value should return 0 if value nil" file="./spec/models/counter_spec.rb" time="0.005370"/>
  <testcase classname="spec.models.counter_spec" name="Counter# clean_value should return value if value" file="./spec/models/counter_spec.rb" time="0.004930"/>
</testsuite>
